<?xml version="1.0" encoding="UTF-8"?>
<!-- Generated by org.testng.reporters.JUnitReportReporter -->
<testsuite hostname="LAPTOP-O6ECEAOP" failures="0" tests="1" name="TestClass.NewActListTest" time="408.566" errors="0" timestamp="2025-05-20T17:45:41 IST" skipped="0">
  <testcase classname="TestClass.NewActListTest" name="verifynewnote" time="408.566"/>
</testsuite> <!-- TestClass.NewActListTest -->
