<?xml version="1.0" encoding="UTF-8"?>
<!-- Generated by org.testng.reporters.JUnitReportReporter -->
<testsuite hostname="LAPTOP-O6ECEAOP" failures="0" tests="1" name="TestClass.HambugerTest" time="36.530" errors="0" timestamp="2025-07-09T18:09:43 IST" skipped="0">
  <testcase classname="TestClass.HambugerTest" name="HamBugerMenu" time="36.530"/>
</testsuite> <!-- TestClass.HambugerTest -->
