<?xml version="1.0" encoding="UTF-8"?>
<!-- Generated by org.testng.reporters.JUnitReportReporter -->
<testsuite hostname="LAPTOP-O6ECEAOP" failures="0" tests="1" name="TestClass.Headersoptionsfeatures" time="238.359" errors="0" timestamp="2025-06-26T14:48:04 IST" skipped="0">
  <testcase classname="TestClass.Headersoptionsfeatures" name="VerifyHeadersOptions" time="238.359"/>
</testsuite> <!-- TestClass.Headersoptionsfeatures -->
