<?xml version="1.0" encoding="UTF-8"?>
<!-- Generated by org.testng.reporters.JUnitReportReporter -->
<testsuite hostname="LAPTOP-O6ECEAOP" failures="0" tests="1" name="TestClass.CentralDownloadPdf" time="158.815" errors="0" timestamp="2025-07-03T12:23:01 IST" skipped="0">
  <testcase classname="TestClass.CentralDownloadPdf" name="verifyFirstDownloadForEachType" time="158.815"/>
</testsuite> <!-- TestClass.CentralDownloadPdf -->
