<?xml version="1.0" encoding="UTF-8"?>
<!-- Generated by org.testng.reporters.JUnitReportReporter -->
<testsuite hostname="LAPTOP-O6ECEAOP" failures="0" tests="1" name="TestClass.PaginationsVerifyBybench" time="91.095" errors="0" timestamp="2025-07-14T19:09:12 IST" skipped="0">
  <testcase classname="TestClass.PaginationsVerifyBybench" name="VerifyPaginations" time="91.095"/>
</testsuite> <!-- TestClass.PaginationsVerifyBybench -->
