<?xml version="1.0" encoding="UTF-8"?>
<!-- Generated by org.testng.reporters.JUnitReportReporter -->
<testsuite hostname="LAPTOP-O6ECEAOP" failures="0" tests="1" name="TestClass.SaveSearchFeature" time="74.277" errors="0" timestamp="2025-05-20T13:58:27 IST" skipped="0">
  <testcase classname="TestClass.SaveSearchFeature" name="verifySearchSaveFunciton" time="74.277"/>
</testsuite> <!-- TestClass.SaveSearchFeature -->
