<?xml version="1.0" encoding="UTF-8"?>
<!-- Generated by org.testng.reporters.JUnitReportReporter -->
<testsuite hostname="LAPTOP-O6ECEAOP" failures="0" tests="1" name="TestClass.JudgementCitedinfeatures" time="101.257" errors="0" timestamp="2025-07-09T18:13:10 IST" skipped="0">
  <testcase classname="TestClass.JudgementCitedinfeatures" name="FuturecitedinheadnotFunctionality" time="101.257"/>
</testsuite> <!-- TestClass.JudgementCitedinfeatures -->
