<?xml version="1.0" encoding="UTF-8"?>
<!-- Generated by org.testng.reporters.JUnitReportReporter -->
<testsuite hostname="LAPTOP-O6ECEAOP" failures="0" tests="1" name="TestClass.Profile_SaveHistory" time="34.007" errors="0" timestamp="2025-05-20T13:55:59 IST" skipped="0">
  <testcase classname="TestClass.Profile_SaveHistory" name="VerifyPaginations" time="34.007"/>
</testsuite> <!-- TestClass.Profile_SaveHistory -->
