<?xml version="1.0" encoding="UTF-8"?>
<!-- Generated by org.testng.reporters.JUnitReportReporter -->
<testsuite hostname="LAPTOP-O6ECEAOP" failures="0" tests="1" name="TestClass.LoginTest" time="26.000" errors="0" timestamp="2025-06-23T14:24:39 IST" skipped="0">
  <testcase classname="TestClass.LoginTest" name="verifyLoginAsIndividual" time="26.000"/>
</testsuite> <!-- TestClass.LoginTest -->
