<?xml version="1.0" encoding="UTF-8"?>
<!-- Generated by org.testng.reporters.JUnitReportReporter -->
<testsuite hostname="LAPTOP-O6ECEAOP" failures="0" tests="1" name="TestClass.LatestCasesTestpage" time="49.176" errors="0" timestamp="2025-07-09T18:47:44 IST" skipped="0">
  <testcase classname="TestClass.LatestCasesTestpage" name="VerifyLatesCasePage" time="49.176"/>
</testsuite> <!-- TestClass.LatestCasesTestpage -->
