<?xml version="1.0" encoding="UTF-8"?>
<!-- Generated by org.testng.reporters.JUnitReportReporter -->
<testsuite hostname="LAPTOP-O6ECEAOP" failures="0" tests="1" name="TestClass.Headerslinksfeature" time="1076.508" errors="0" timestamp="2025-06-26T15:09:20 IST" skipped="0">
  <testcase classname="TestClass.Headerslinksfeature" name="VerifyHeadersLinks" time="1076.508"/>
</testsuite> <!-- TestClass.Headerslinksfeature -->
