<?xml version="1.0" encoding="UTF-8"?>
<!-- Generated by org.testng.reporters.JUnitReportReporter -->
<testsuite hostname="LAPTOP-O6ECEAOP" failures="0" tests="1" name="TestClass.ActListCheckDownlaodPDF" time="142.366" errors="0" timestamp="2025-07-14T19:19:09 IST" skipped="0">
  <testcase classname="TestClass.ActListCheckDownlaodPDF" name="verifyFirstDownloadForEachType" time="142.366"/>
</testsuite> <!-- TestClass.ActListCheckDownlaodPDF -->
