<?xml version="1.0" encoding="UTF-8"?>
<!-- Generated by org.testng.reporters.JUnitReportReporter -->
<testsuite hostname="LAPTOP-O6ECEAOP" failures="0" tests="1" name="TestClass.Mybookmarkfunctionlity" time="302.081" errors="0" timestamp="2025-07-04T14:15:31 IST" skipped="0">
  <testcase classname="TestClass.Mybookmarkfunctionlity" name="verifybookmarks" time="302.081"/>
</testsuite> <!-- TestClass.Mybookmarkfunctionlity -->
