<?xml version="1.0" encoding="UTF-8"?>
<!-- Generated by org.testng.reporters.JUnitReportReporter -->
<testsuite hostname="LAPTOP-O6ECEAOP" failures="0" tests="1" name="TestClass.Aclistverifcationtest" time="37.464" errors="0" timestamp="2025-06-02T09:22:01 IST" skipped="0">
  <testcase classname="TestClass.Aclistverifcationtest" name="testactlistbuttons" time="37.464"/>
</testsuite> <!-- TestClass.Aclistverifcationtest -->
