<?xml version="1.0" encoding="UTF-8"?>
<!-- Generated by org.testng.reporters.JUnitReportReporter -->
<testsuite hostname="LAPTOP-O6ECEAOP" failures="0" tests="1" name="TestClass.iDrafbuttonBookmarks" time="39.884" errors="0" timestamp="2025-07-15T16:00:37 IST" skipped="0">
  <testcase classname="TestClass.iDrafbuttonBookmarks" name="VerifyHeadersOptions" time="39.884"/>
</testsuite> <!-- TestClass.iDrafbuttonBookmarks -->
