<?xml version="1.0" encoding="UTF-8"?>
<!-- Generated by org.testng.reporters.JUnitReportReporter -->
<testsuite hostname="LAPTOP-O6ECEAOP" failures="0" tests="1" name="TestClass.MoveTonotebook" time="57.597" errors="0" timestamp="2025-07-14T19:07:00 IST" skipped="0">
  <testcase classname="TestClass.MoveTonotebook" name="verifyMovetonotebook" time="57.597"/>
</testsuite> <!-- TestClass.MoveTonotebook -->
