<?xml version="1.0" encoding="UTF-8"?>
<!-- Generated by org.testng.reporters.JUnitReportReporter -->
<testsuite hostname="LAPTOP-O6ECEAOP" failures="0" tests="1" name="TestClass.iDrafFeaturesTest" time="36.180" errors="0" timestamp="2025-07-09T18:10:44 IST" skipped="0">
  <testcase classname="TestClass.iDrafFeaturesTest" name="Actlistverify" time="36.180"/>
</testsuite> <!-- TestClass.iDrafFeaturesTest -->
