<?xml version="1.0" encoding="UTF-8"?>
<!-- Generated by org.testng.reporters.JUnitReportReporter -->
<testsuite hostname="LAPTOP-O6ECEAOP" failures="0" tests="1" name="TestClass.secondaryMaterials" time="69.565" errors="0" timestamp="2025-06-26T14:26:42 IST" skipped="0">
  <testcase classname="TestClass.secondaryMaterials" name="verifysecondarymaterials" time="69.565">
    <system-out>
      <![CDATA[ACTS filter failed or not clickable.
Notification filter failed or not clickable.
Bills In Parliament filter failed or not clickable.
Reports of Commissions and Committees filter failed or not clickable.
Law Commission Reports filter failed or not clickable.
Treaties filter failed or not clickable.
News filter failed or not clickable.
Columns filter failed or not clickable.
Circular filter failed or not clickable.]]>
    </system-out>
  </testcase> <!-- verifysecondarymaterials -->
  <system-out>
    <![CDATA[ACTS filter failed or not clickable.
Notification filter failed or not clickable.
Bills In Parliament filter failed or not clickable.
Reports of Commissions and Committees filter failed or not clickable.
Law Commission Reports filter failed or not clickable.
Treaties filter failed or not clickable.
News filter failed or not clickable.
Columns filter failed or not clickable.
Circular filter failed or not clickable.]]>
  </system-out>
</testsuite> <!-- TestClass.secondaryMaterials -->
