<?xml version="1.0" encoding="UTF-8"?>
<!-- Generated by org.testng.reporters.JUnitReportReporter -->
<testsuite hostname="LAPTOP-O6ECEAOP" failures="0" tests="1" name="TestClass.FooterOptionsOnLatestLegalnewspage" time="129.336" errors="0" timestamp="2025-07-09T17:56:27 IST" skipped="0">
  <testcase classname="TestClass.FooterOptionsOnLatestLegalnewspage" name="verifyFooterOptions" time="129.336"/>
</testsuite> <!-- TestClass.FooterOptionsOnLatestLegalnewspage -->
