<?xml version="1.0" encoding="UTF-8"?>
<!-- Generated by org.testng.reporters.JUnitReportReporter -->
<testsuite hostname="LAPTOP-O6ECEAOP" failures="0" tests="1" name="TestClass.LatestCasesForSupremeCourt" time="52.539" errors="0" timestamp="2025-07-14T18:53:02 IST" skipped="0">
  <testcase classname="TestClass.LatestCasesForSupremeCourt" name="verifyLatestSupremeCourtCases" time="52.539"/>
</testsuite> <!-- TestClass.LatestCasesForSupremeCourt -->
