<?xml version="1.0" encoding="UTF-8"?>
<!-- Generated by org.testng.reporters.JUnitReportReporter -->
<testsuite hostname="LAPTOP-O6ECEAOP" failures="0" tests="1" name="TestClass.SearchBarfeature" time="111.306" errors="0" timestamp="2025-06-26T13:15:11 IST" skipped="0">
  <testcase classname="TestClass.SearchBarfeature" name="verifySearchBarfunction" time="111.306"/>
</testsuite> <!-- TestClass.SearchBarfeature -->
