<?xml version="1.0" encoding="UTF-8"?>
<!-- Generated by org.testng.reporters.JUnitReportReporter -->
<testsuite hostname="LAPTOP-O6ECEAOP" failures="0" tests="1" name="TestClass.iDrafbuttonBookmarks" time="33.152" errors="0" timestamp="2025-07-04T14:41:35 IST" skipped="0">
  <testcase classname="TestClass.iDrafbuttonBookmarks" name="VerifyHeadersOptions" time="33.152"/>
</testsuite> <!-- TestClass.iDrafbuttonBookmarks -->
