<?xml version="1.0" encoding="UTF-8"?>
<!-- Generated by org.testng.reporters.JUnitReportReporter -->
<testsuite hostname="LAPTOP-O6ECEAOP" failures="0" tests="1" name="TestClass.ThirdPageButtonsVerification" time="83.863" errors="0" timestamp="2025-07-14T19:11:08 IST" skipped="0">
  <testcase classname="TestClass.ThirdPageButtonsVerification" name="verifythirdpagesbuttons" time="83.863">
    <system-out>
      <![CDATA[Judgment Download box has open successfully
Judgment Download has successfully
Report a Problem is working fine]]>
    </system-out>
  </testcase> <!-- verifythirdpagesbuttons -->
  <system-out>
    <![CDATA[Judgment Download box has open successfully
Judgment Download has successfully
Report a Problem is working fine
take screenshot succesfully]]>
  </system-out>
</testsuite> <!-- TestClass.ThirdPageButtonsVerification -->
